[INFO  - 2018-01-26T05:01:47.365Z] GhostDriver - Main - running on port 52787
[INFO  - 2018-01-26T05:01:48.112Z] Session [0353b2a0-0256-11e8-baee-4decca5469bf] - page.settings - {"XSSAuditingEnabled":false,"javascriptCanCloseWindows":true,"javascriptCanOpenWindows":true,"javascriptEnabled":true,"loadImages":true,"localToRemoteUrlAccessEnabled":false,"userAgent":"Mozilla/5.0 (Macintosh; Intel Mac OS X) AppleWebKit/538.1 (KHTML, like Gecko) PhantomJS/2.1.1 Safari/538.1","webSecurityEnabled":true}
[INFO  - 2018-01-26T05:01:48.112Z] Session [0353b2a0-0256-11e8-baee-4decca5469bf] - page.customHeaders:  - {}
[INFO  - 2018-01-26T05:01:48.112Z] Session [0353b2a0-0256-11e8-baee-4decca5469bf] - Session.negotiatedCapabilities - {"browserName":"phantomjs","version":"2.1.1","driverName":"ghostdriver","driverVersion":"1.2.0","platform":"mac-unknown-64bit","javascriptEnabled":true,"takesScreenshot":true,"handlesAlerts":false,"databaseEnabled":false,"locationContextEnabled":false,"applicationCacheEnabled":false,"browserConnectionEnabled":false,"cssSelectorsEnabled":true,"webStorageEnabled":false,"rotatable":false,"acceptSslCerts":false,"nativeEvents":true,"proxy":{"proxyType":"direct"}}
[INFO  - 2018-01-26T05:01:48.112Z] SessionManagerReqHand - _postNewSessionCommand - New Session Created: 0353b2a0-0256-11e8-baee-4decca5469bf
[ERROR - 2018-01-26T05:02:01.972Z] Session [0353b2a0-0256-11e8-baee-4decca5469bf] - page.onError - msg: VIDEOJS: ERROR: (CODE:4 MEDIA_ERR_SRC_NOT_SUPPORTED) No compatible source was found for this video. [object Object]

  phantomjs://platform/console++.js:263 in error
[ERROR - 2018-01-26T05:02:01.973Z] Session [0353b2a0-0256-11e8-baee-4decca5469bf] - page.onError - stack:
  e (https://cdn.embedly.com/widgets/media.html?src=https%3A%2F%2Fi.imgur.com%2FkiPMApg.mp4&src_secure=1&url=https%3A%2F%2Fi.imgur.com%2FkiPMApg.gif%3Fnoredirect&image=https%3A%2F%2Fi.imgur.com%2FkiPMApg.gif%3Fnoredirect&key=e898f7f22a3443a6893439149a6fb36f&type=video%2Fmp4&schema=imgur:17)

  phantomjs://platform/console++.js:263 in error
[ERROR - 2018-01-26T05:04:24.758Z] Session [0353b2a0-0256-11e8-baee-4decca5469bf] - page.onError - msg: ReferenceError: Can't find variable: HTMLVideoElement

  phantomjs://platform/console++.js:263 in error
[ERROR - 2018-01-26T05:04:24.759Z] Session [0353b2a0-0256-11e8-baee-4decca5469bf] - page.onError - stack:
  oe (https://static1.dmcdn.net/playerv5/dmpmanifest.7c9885ce3fa1bf16124a.js:1)

  phantomjs://platform/console++.js:263 in error
[ERROR - 2018-01-26T05:04:24.761Z] Session [0353b2a0-0256-11e8-baee-4decca5469bf] - page.onError - msg: Unhandled promise rejection ReferenceError: Can't find variable: HTMLVideoElement

  phantomjs://platform/console++.js:263 in error
[ERROR - 2018-01-26T05:04:24.761Z] Session [0353b2a0-0256-11e8-baee-4decca5469bf] - page.onError - stack:
  (anonymous function) (https://static1.dmcdn.net/playerv5/polyfill.4fb6db2ea2c89e96c114.js:1)

  phantomjs://platform/console++.js:263 in error
[ERROR - 2018-01-26T05:04:37.037Z] Session [0353b2a0-0256-11e8-baee-4decca5469bf] - page.onError - msg: TypeError: null is not an object (evaluating 'r.body.appendChild')

  phantomjs://platform/console++.js:263 in error
[ERROR - 2018-01-26T05:04:37.038Z] Session [0353b2a0-0256-11e8-baee-4decca5469bf] - page.onError - stack:
  t (https://assets.genius.com/javascripts/compiled/ads-bb09eae9efb37da0579e.js:10)
  e (https://assets.genius.com/javascripts/compiled/ads-bb09eae9efb37da0579e.js:10)
  (anonymous function) (https://assets.genius.com/javascripts/compiled/ads-bb09eae9efb37da0579e.js:10)

  phantomjs://platform/console++.js:263 in error
[ERROR - 2018-01-26T05:06:26.730Z] Session [0353b2a0-0256-11e8-baee-4decca5469bf] - page.onError - msg: TypeError: null is not an object (evaluating 'r.body.appendChild')

  phantomjs://platform/console++.js:263 in error
[ERROR - 2018-01-26T05:06:26.730Z] Session [0353b2a0-0256-11e8-baee-4decca5469bf] - page.onError - stack:
  t (https://assets.genius.com/javascripts/compiled/ads-bb09eae9efb37da0579e.js:10)
  e (https://assets.genius.com/javascripts/compiled/ads-bb09eae9efb37da0579e.js:10)
  (anonymous function) (https://assets.genius.com/javascripts/compiled/ads-bb09eae9efb37da0579e.js:10)

  phantomjs://platform/console++.js:263 in error
[INFO  - 2018-01-26T05:06:47.374Z] SessionManagerReqHand - _cleanupWindowlessSessions - Asynchronous Sessions clean-up phase starting NOW
[ERROR - 2018-01-26T05:07:07.680Z] Session [0353b2a0-0256-11e8-baee-4decca5469bf] - page.onError - msg: TypeError: null is not an object (evaluating 'r.body.appendChild')

  phantomjs://platform/console++.js:263 in error
[ERROR - 2018-01-26T05:07:07.682Z] Session [0353b2a0-0256-11e8-baee-4decca5469bf] - page.onError - stack:
  t (https://assets.genius.com/javascripts/compiled/ads-bb09eae9efb37da0579e.js:10)
  e (https://assets.genius.com/javascripts/compiled/ads-bb09eae9efb37da0579e.js:10)
  (anonymous function) (https://assets.genius.com/javascripts/compiled/ads-bb09eae9efb37da0579e.js:10)

  phantomjs://platform/console++.js:263 in error
[ERROR - 2018-01-26T05:07:16.662Z] Session [0353b2a0-0256-11e8-baee-4decca5469bf] - page.onError - msg: ReferenceError: Can't find variable: HTMLVideoElement

  phantomjs://platform/console++.js:263 in error
[ERROR - 2018-01-26T05:07:16.662Z] Session [0353b2a0-0256-11e8-baee-4decca5469bf] - page.onError - stack:
  oe (https://static1.dmcdn.net/playerv5/dmpmanifest.7c9885ce3fa1bf16124a.js:1)

  phantomjs://platform/console++.js:263 in error
[ERROR - 2018-01-26T05:07:16.663Z] Session [0353b2a0-0256-11e8-baee-4decca5469bf] - page.onError - msg: Unhandled promise rejection ReferenceError: Can't find variable: HTMLVideoElement

  phantomjs://platform/console++.js:263 in error
[ERROR - 2018-01-26T05:07:16.664Z] Session [0353b2a0-0256-11e8-baee-4decca5469bf] - page.onError - stack:
  (anonymous function) (https://static1.dmcdn.net/playerv5/polyfill.4fb6db2ea2c89e96c114.js:1)

  phantomjs://platform/console++.js:263 in error
[ERROR - 2018-01-26T05:07:59.612Z] Session [0353b2a0-0256-11e8-baee-4decca5469bf] - page.onError - msg: VIDEOJS: ERROR: (CODE:4 MEDIA_ERR_SRC_NOT_SUPPORTED) No compatible source was found for this media. [object Object]

  phantomjs://platform/console++.js:263 in error
[ERROR - 2018-01-26T05:07:59.613Z] Session [0353b2a0-0256-11e8-baee-4decca5469bf] - page.onError - stack:
  apply (:0)

  phantomjs://platform/console++.js:263 in error
[INFO  - 2018-01-26T05:11:47.391Z] SessionManagerReqHand - _cleanupWindowlessSessions - Asynchronous Sessions clean-up phase starting NOW
[ERROR - 2018-01-26T05:12:14.897Z] Session [0353b2a0-0256-11e8-baee-4decca5469bf] - page.onError - msg: TypeError: undefined is not a constructor (evaluating 'Error.captureStackTrace(this,this.constructor)')

  phantomjs://platform/console++.js:263 in error
[ERROR - 2018-01-26T05:12:14.899Z] Session [0353b2a0-0256-11e8-baee-4decca5469bf] - page.onError - stack:
  TimeoutError (https://assets.genius.com/javascripts/compiled/ads-bb09eae9efb37da0579e.js:10)
  (anonymous function) (https://assets.genius.com/javascripts/compiled/ads-bb09eae9efb37da0579e.js:10)

  phantomjs://platform/console++.js:263 in error
[INFO  - 2018-01-26T05:16:47.540Z] SessionManagerReqHand - _cleanupWindowlessSessions - Asynchronous Sessions clean-up phase starting NOW
[ERROR - 2018-01-26T05:20:50.793Z] Session [0353b2a0-0256-11e8-baee-4decca5469bf] - page.onError - msg: TypeError: null is not an object (evaluating 'r.body.appendChild')

  phantomjs://platform/console++.js:263 in error
[ERROR - 2018-01-26T05:20:50.799Z] Session [0353b2a0-0256-11e8-baee-4decca5469bf] - page.onError - stack:
  t (https://assets.genius.com/javascripts/compiled/ads-bb09eae9efb37da0579e.js:10)
  e (https://assets.genius.com/javascripts/compiled/ads-bb09eae9efb37da0579e.js:10)
  (anonymous function) (https://assets.genius.com/javascripts/compiled/ads-bb09eae9efb37da0579e.js:10)

  phantomjs://platform/console++.js:263 in error
[INFO  - 2018-01-26T05:21:49.920Z] SessionManagerReqHand - _cleanupWindowlessSessions - Asynchronous Sessions clean-up phase starting NOW
[ERROR - 2018-01-26T05:22:15.244Z] Session [0353b2a0-0256-11e8-baee-4decca5469bf] - page.onError - msg: TypeError: undefined is not a constructor (evaluating 'Error.captureStackTrace(this,this.constructor)')

  phantomjs://platform/console++.js:263 in error
[ERROR - 2018-01-26T05:22:15.244Z] Session [0353b2a0-0256-11e8-baee-4decca5469bf] - page.onError - stack:
  TimeoutError (https://assets.genius.com/javascripts/compiled/ads-bb09eae9efb37da0579e.js:10)
  (anonymous function) (https://assets.genius.com/javascripts/compiled/ads-bb09eae9efb37da0579e.js:10)

  phantomjs://platform/console++.js:263 in error
[ERROR - 2018-01-26T05:22:16.140Z] Session [0353b2a0-0256-11e8-baee-4decca5469bf] - page.onError - msg: TypeError: undefined is not a constructor (evaluating 'Error.captureStackTrace(this,this.constructor)')

  phantomjs://platform/console++.js:263 in error
[ERROR - 2018-01-26T05:22:16.140Z] Session [0353b2a0-0256-11e8-baee-4decca5469bf] - page.onError - stack:
  TimeoutError (https://assets.genius.com/javascripts/compiled/ads-bb09eae9efb37da0579e.js:10)
  (anonymous function) (https://assets.genius.com/javascripts/compiled/ads-bb09eae9efb37da0579e.js:10)

  phantomjs://platform/console++.js:263 in error
[ERROR - 2018-01-26T05:22:16.281Z] Session [0353b2a0-0256-11e8-baee-4decca5469bf] - page.onError - msg: TypeError: undefined is not a constructor (evaluating 'Error.captureStackTrace(this,this.constructor)')

  phantomjs://platform/console++.js:263 in error
[ERROR - 2018-01-26T05:22:16.281Z] Session [0353b2a0-0256-11e8-baee-4decca5469bf] - page.onError - stack:
  TimeoutError (https://assets.genius.com/javascripts/compiled/ads-bb09eae9efb37da0579e.js:10)
  (anonymous function) (https://assets.genius.com/javascripts/compiled/ads-bb09eae9efb37da0579e.js:10)

  phantomjs://platform/console++.js:263 in error
[ERROR - 2018-01-26T05:22:16.765Z] Session [0353b2a0-0256-11e8-baee-4decca5469bf] - page.onError - msg: TypeError: undefined is not a constructor (evaluating 'Error.captureStackTrace(this,this.constructor)')

  phantomjs://platform/console++.js:263 in error
[ERROR - 2018-01-26T05:22:16.765Z] Session [0353b2a0-0256-11e8-baee-4decca5469bf] - page.onError - stack:
  TimeoutError (https://assets.genius.com/javascripts/compiled/ads-bb09eae9efb37da0579e.js:10)
  (anonymous function) (https://assets.genius.com/javascripts/compiled/ads-bb09eae9efb37da0579e.js:10)

  phantomjs://platform/console++.js:263 in error
[INFO  - 2018-01-26T05:26:49.934Z] SessionManagerReqHand - _cleanupWindowlessSessions - Asynchronous Sessions clean-up phase starting NOW
[ERROR - 2018-01-26T05:27:19.520Z] Session [0353b2a0-0256-11e8-baee-4decca5469bf] - page.onError - msg: TypeError: JSON.stringify cannot serialize cyclic structures.

  phantomjs://platform/console++.js:263 in error
[ERROR - 2018-01-26T05:27:19.522Z] Session [0353b2a0-0256-11e8-baee-4decca5469bf] - page.onError - stack:
  stringify (undefined:7)
  (anonymous function) (:7)
  display (https://assets.genius.com/javascripts/compiled/bagon_desktop-bb09eae9efb37da0579e.js:49)
  progress (https://assets.genius.com/javascripts/compiled/bagon_desktop-bb09eae9efb37da0579e.js:148)
  (anonymous function) (https://assets.genius.com/javascripts/compiled/bagon_desktop-bb09eae9efb37da0579e.js:148)
  each (https://assets.genius.com/javascripts/compiled/bagon_desktop-bb09eae9efb37da0579e.js:85)
  (anonymous function) (https://assets.genius.com/javascripts/compiled/bagon_desktop-bb09eae9efb37da0579e.js:148)
  u (https://assets.genius.com/javascripts/compiled/bagon_desktop-bb09eae9efb37da0579e.js:95)
  fireWith (https://assets.genius.com/javascripts/compiled/bagon_desktop-bb09eae9efb37da0579e.js:95)
  (anonymous function) (https://assets.genius.com/javascripts/compiled/bagon_desktop-bb09eae9efb37da0579e.js:95)
  notify (https://assets.genius.com/javascripts/compiled/bagon_desktop-bb09eae9efb37da0579e.js:148)
  (anonymous function) (https://assets.genius.com/javascripts/compiled/bagon_desktop-bb09eae9efb37da0579e.js:148)
  each (https://assets.genius.com/javascripts/compiled/bagon_desktop-bb09eae9efb37da0579e.js:85)
  success (https://assets.genius.com/javascripts/compiled/bagon_desktop-bb09eae9efb37da0579e.js:148)
  u (https://assets.genius.com/javascripts/compiled/bagon_desktop-bb09eae9efb37da0579e.js:95)
  fireWith (https://assets.genius.com/javascripts/compiled/bagon_desktop-bb09eae9efb37da0579e.js:95)
  n (https://assets.genius.com/javascripts/compiled/bagon_desktop-bb09eae9efb37da0579e.js:95)
  n (https://assets.genius.com/javascripts/compiled/bagon_desktop-bb09eae9efb37da0579e.js:95)
  dispatch (https://assets.genius.com/javascripts/compiled/bagon_desktop-bb09eae9efb37da0579e.js:95)
  handle (https://assets.genius.com/javascripts/compiled/bagon_desktop-bb09eae9efb37da0579e.js:95)

  phantomjs://platform/console++.js:263 in error
[ERROR - 2018-01-26T05:29:46.054Z] Session [0353b2a0-0256-11e8-baee-4decca5469bf] - page.onError - msg: TypeError: null is not an object (evaluating 'r.body.appendChild')

  phantomjs://platform/console++.js:263 in error
[ERROR - 2018-01-26T05:29:46.055Z] Session [0353b2a0-0256-11e8-baee-4decca5469bf] - page.onError - stack:
  t (https://assets.genius.com/javascripts/compiled/ads-bb09eae9efb37da0579e.js:10)
  e (https://assets.genius.com/javascripts/compiled/ads-bb09eae9efb37da0579e.js:10)
  (anonymous function) (https://assets.genius.com/javascripts/compiled/ads-bb09eae9efb37da0579e.js:10)

  phantomjs://platform/console++.js:263 in error
[INFO  - 2018-01-26T05:31:51.901Z] SessionManagerReqHand - _cleanupWindowlessSessions - Asynchronous Sessions clean-up phase starting NOW
[INFO  - 2018-01-26T05:36:53.366Z] SessionManagerReqHand - _cleanupWindowlessSessions - Asynchronous Sessions clean-up phase starting NOW
[ERROR - 2018-01-26T05:39:13.141Z] Session [0353b2a0-0256-11e8-baee-4decca5469bf] - page.onError - msg: TypeError: null is not an object (evaluating 'r.body.appendChild')

  phantomjs://platform/console++.js:263 in error
[ERROR - 2018-01-26T05:39:13.142Z] Session [0353b2a0-0256-11e8-baee-4decca5469bf] - page.onError - stack:
  t (https://assets.genius.com/javascripts/compiled/ads-bb09eae9efb37da0579e.js:10)
  e (https://assets.genius.com/javascripts/compiled/ads-bb09eae9efb37da0579e.js:10)
  (anonymous function) (https://assets.genius.com/javascripts/compiled/ads-bb09eae9efb37da0579e.js:10)

  phantomjs://platform/console++.js:263 in error
[INFO  - 2018-01-26T05:41:54.622Z] SessionManagerReqHand - _cleanupWindowlessSessions - Asynchronous Sessions clean-up phase starting NOW
[ERROR - 2018-01-26T05:44:28.598Z] Session [0353b2a0-0256-11e8-baee-4decca5469bf] - page.onError - msg: TypeError: null is not an object (evaluating 'r.body.appendChild')

  phantomjs://platform/console++.js:263 in error
[ERROR - 2018-01-26T05:44:28.600Z] Session [0353b2a0-0256-11e8-baee-4decca5469bf] - page.onError - stack:
  t (https://assets.genius.com/javascripts/compiled/ads-bb09eae9efb37da0579e.js:10)
  e (https://assets.genius.com/javascripts/compiled/ads-bb09eae9efb37da0579e.js:10)
  (anonymous function) (https://assets.genius.com/javascripts/compiled/ads-bb09eae9efb37da0579e.js:10)

  phantomjs://platform/console++.js:263 in error
[ERROR - 2018-01-26T05:46:35.502Z] Session [0353b2a0-0256-11e8-baee-4decca5469bf] - page.onError - msg: VIDEOJS: ERROR: (CODE:4 MEDIA_ERR_SRC_NOT_SUPPORTED) No compatible source was found for this video. [object Object]

  phantomjs://platform/console++.js:263 in error
[ERROR - 2018-01-26T05:46:35.503Z] Session [0353b2a0-0256-11e8-baee-4decca5469bf] - page.onError - stack:
  e (https://cdn.embedly.com/widgets/media.html?src=https%3A%2F%2Fi.imgur.com%2Fv89KTDp.mp4&src_secure=1&url=http%3A%2F%2Fi.imgur.com%2Fv89KTDp.gifv&image=https%3A%2F%2Fi.imgur.com%2Fv89KTDp.gif%3Fnoredirect&key=fc778e44915911e088ae4040f9f86dcd&type=video%2Fmp4&schema=imgur:17)

  phantomjs://platform/console++.js:263 in error
[INFO  - 2018-01-26T05:46:54.717Z] SessionManagerReqHand - _cleanupWindowlessSessions - Asynchronous Sessions clean-up phase starting NOW
[ERROR - 2018-01-26T05:47:54.133Z] Session [0353b2a0-0256-11e8-baee-4decca5469bf] - page.onError - msg: TypeError: null is not an object (evaluating 'r.body.appendChild')

  phantomjs://platform/console++.js:263 in error
[ERROR - 2018-01-26T05:47:54.133Z] Session [0353b2a0-0256-11e8-baee-4decca5469bf] - page.onError - stack:
  t (https://assets.genius.com/javascripts/compiled/ads-bb09eae9efb37da0579e.js:10)
  e (https://assets.genius.com/javascripts/compiled/ads-bb09eae9efb37da0579e.js:10)
  (anonymous function) (https://assets.genius.com/javascripts/compiled/ads-bb09eae9efb37da0579e.js:10)

  phantomjs://platform/console++.js:263 in error
[ERROR - 2018-01-26T05:49:10.015Z] Session [0353b2a0-0256-11e8-baee-4decca5469bf] - page.onError - msg: TypeError: undefined is not a constructor (evaluating 'Error.captureStackTrace(this,this.constructor)')

  phantomjs://platform/console++.js:263 in error
[ERROR - 2018-01-26T05:49:10.021Z] Session [0353b2a0-0256-11e8-baee-4decca5469bf] - page.onError - stack:
  TimeoutError (https://assets.genius.com/javascripts/compiled/ads-bb09eae9efb37da0579e.js:10)
  (anonymous function) (https://assets.genius.com/javascripts/compiled/ads-bb09eae9efb37da0579e.js:10)

  phantomjs://platform/console++.js:263 in error
[ERROR - 2018-01-26T05:49:10.585Z] Session [0353b2a0-0256-11e8-baee-4decca5469bf] - page.onError - msg: TypeError: undefined is not a constructor (evaluating 'Error.captureStackTrace(this,this.constructor)')

  phantomjs://platform/console++.js:263 in error
[ERROR - 2018-01-26T05:49:10.586Z] Session [0353b2a0-0256-11e8-baee-4decca5469bf] - page.onError - stack:
  TimeoutError (https://assets.genius.com/javascripts/compiled/ads-bb09eae9efb37da0579e.js:10)
  (anonymous function) (https://assets.genius.com/javascripts/compiled/ads-bb09eae9efb37da0579e.js:10)

  phantomjs://platform/console++.js:263 in error
[ERROR - 2018-01-26T05:49:10.587Z] Session [0353b2a0-0256-11e8-baee-4decca5469bf] - page.onError - msg: TypeError: undefined is not a constructor (evaluating 'Error.captureStackTrace(this,this.constructor)')

  phantomjs://platform/console++.js:263 in error
[ERROR - 2018-01-26T05:49:10.588Z] Session [0353b2a0-0256-11e8-baee-4decca5469bf] - page.onError - stack:
  TimeoutError (https://assets.genius.com/javascripts/compiled/ads-bb09eae9efb37da0579e.js:10)
  (anonymous function) (https://assets.genius.com/javascripts/compiled/ads-bb09eae9efb37da0579e.js:10)

  phantomjs://platform/console++.js:263 in error
[ERROR - 2018-01-26T05:49:10.590Z] Session [0353b2a0-0256-11e8-baee-4decca5469bf] - page.onError - msg: TypeError: undefined is not a constructor (evaluating 'Error.captureStackTrace(this,this.constructor)')

  phantomjs://platform/console++.js:263 in error
[ERROR - 2018-01-26T05:49:10.590Z] Session [0353b2a0-0256-11e8-baee-4decca5469bf] - page.onError - stack:
  TimeoutError (https://assets.genius.com/javascripts/compiled/ads-bb09eae9efb37da0579e.js:10)
  (anonymous function) (https://assets.genius.com/javascripts/compiled/ads-bb09eae9efb37da0579e.js:10)

  phantomjs://platform/console++.js:263 in error
[ERROR - 2018-01-26T05:49:10.920Z] Session [0353b2a0-0256-11e8-baee-4decca5469bf] - page.onError - msg: TypeError: undefined is not a constructor (evaluating 'Error.captureStackTrace(this,this.constructor)')

  phantomjs://platform/console++.js:263 in error
[ERROR - 2018-01-26T05:49:10.922Z] Session [0353b2a0-0256-11e8-baee-4decca5469bf] - page.onError - stack:
  TimeoutError (https://assets.genius.com/javascripts/compiled/ads-bb09eae9efb37da0579e.js:10)
  (anonymous function) (https://assets.genius.com/javascripts/compiled/ads-bb09eae9efb37da0579e.js:10)

  phantomjs://platform/console++.js:263 in error
[INFO  - 2018-01-26T05:51:55.200Z] SessionManagerReqHand - _cleanupWindowlessSessions - Asynchronous Sessions clean-up phase starting NOW
[ERROR - 2018-01-26T05:55:38.970Z] Session [0353b2a0-0256-11e8-baee-4decca5469bf] - page.onError - msg: TypeError: null is not an object (evaluating 'r.body.appendChild')

  phantomjs://platform/console++.js:263 in error
[ERROR - 2018-01-26T05:55:38.975Z] Session [0353b2a0-0256-11e8-baee-4decca5469bf] - page.onError - stack:
  t (https://assets.genius.com/javascripts/compiled/ads-bb09eae9efb37da0579e.js:10)
  e (https://assets.genius.com/javascripts/compiled/ads-bb09eae9efb37da0579e.js:10)
  (anonymous function) (https://assets.genius.com/javascripts/compiled/ads-bb09eae9efb37da0579e.js:10)

  phantomjs://platform/console++.js:263 in error
[ERROR - 2018-01-26T05:56:18.107Z] Session [0353b2a0-0256-11e8-baee-4decca5469bf] - page.onError - msg: TypeError: null is not an object (evaluating 'r.body.appendChild')

  phantomjs://platform/console++.js:263 in error
[ERROR - 2018-01-26T05:56:18.107Z] Session [0353b2a0-0256-11e8-baee-4decca5469bf] - page.onError - stack:
  t (https://assets.genius.com/javascripts/compiled/ads-bb09eae9efb37da0579e.js:10)
  e (https://assets.genius.com/javascripts/compiled/ads-bb09eae9efb37da0579e.js:10)
  (anonymous function) (https://assets.genius.com/javascripts/compiled/ads-bb09eae9efb37da0579e.js:10)

  phantomjs://platform/console++.js:263 in error
[ERROR - 2018-01-26T05:56:23.394Z] Session [0353b2a0-0256-11e8-baee-4decca5469bf] - page.onError - msg: TypeError: undefined is not a constructor (evaluating 'Error.captureStackTrace(this,this.constructor)')

  phantomjs://platform/console++.js:263 in error
[ERROR - 2018-01-26T05:56:23.394Z] Session [0353b2a0-0256-11e8-baee-4decca5469bf] - page.onError - stack:
  TimeoutError (https://assets.genius.com/javascripts/compiled/ads-bb09eae9efb37da0579e.js:10)
  (anonymous function) (https://assets.genius.com/javascripts/compiled/ads-bb09eae9efb37da0579e.js:10)

  phantomjs://platform/console++.js:263 in error
[ERROR - 2018-01-26T05:56:23.570Z] Session [0353b2a0-0256-11e8-baee-4decca5469bf] - page.onError - msg: TypeError: undefined is not a constructor (evaluating 'Error.captureStackTrace(this,this.constructor)')

  phantomjs://platform/console++.js:263 in error
[ERROR - 2018-01-26T05:56:23.570Z] Session [0353b2a0-0256-11e8-baee-4decca5469bf] - page.onError - stack:
  TimeoutError (https://assets.genius.com/javascripts/compiled/ads-bb09eae9efb37da0579e.js:10)
  (anonymous function) (https://assets.genius.com/javascripts/compiled/ads-bb09eae9efb37da0579e.js:10)

  phantomjs://platform/console++.js:263 in error
[ERROR - 2018-01-26T05:56:23.571Z] Session [0353b2a0-0256-11e8-baee-4decca5469bf] - page.onError - msg: TypeError: undefined is not a constructor (evaluating 'Error.captureStackTrace(this,this.constructor)')

  phantomjs://platform/console++.js:263 in error
[ERROR - 2018-01-26T05:56:23.571Z] Session [0353b2a0-0256-11e8-baee-4decca5469bf] - page.onError - stack:
  TimeoutError (https://assets.genius.com/javascripts/compiled/ads-bb09eae9efb37da0579e.js:10)
  (anonymous function) (https://assets.genius.com/javascripts/compiled/ads-bb09eae9efb37da0579e.js:10)

  phantomjs://platform/console++.js:263 in error
[ERROR - 2018-01-26T05:56:24.043Z] Session [0353b2a0-0256-11e8-baee-4decca5469bf] - page.onError - msg: TypeError: undefined is not a constructor (evaluating 'Error.captureStackTrace(this,this.constructor)')

  phantomjs://platform/console++.js:263 in error
[ERROR - 2018-01-26T05:56:24.043Z] Session [0353b2a0-0256-11e8-baee-4decca5469bf] - page.onError - stack:
  TimeoutError (https://assets.genius.com/javascripts/compiled/ads-bb09eae9efb37da0579e.js:10)
  (anonymous function) (https://assets.genius.com/javascripts/compiled/ads-bb09eae9efb37da0579e.js:10)

  phantomjs://platform/console++.js:263 in error
[ERROR - 2018-01-26T05:56:24.043Z] Session [0353b2a0-0256-11e8-baee-4decca5469bf] - page.onError - msg: TypeError: undefined is not a constructor (evaluating 'Error.captureStackTrace(this,this.constructor)')

  phantomjs://platform/console++.js:263 in error
[ERROR - 2018-01-26T05:56:24.044Z] Session [0353b2a0-0256-11e8-baee-4decca5469bf] - page.onError - stack:
  TimeoutError (https://assets.genius.com/javascripts/compiled/ads-bb09eae9efb37da0579e.js:10)
  (anonymous function) (https://assets.genius.com/javascripts/compiled/ads-bb09eae9efb37da0579e.js:10)

  phantomjs://platform/console++.js:263 in error
[ERROR - 2018-01-26T05:56:24.044Z] Session [0353b2a0-0256-11e8-baee-4decca5469bf] - page.onError - msg: TypeError: undefined is not a constructor (evaluating 'Error.captureStackTrace(this,this.constructor)')

  phantomjs://platform/console++.js:263 in error
[ERROR - 2018-01-26T05:56:24.045Z] Session [0353b2a0-0256-11e8-baee-4decca5469bf] - page.onError - stack:
  TimeoutError (https://assets.genius.com/javascripts/compiled/ads-bb09eae9efb37da0579e.js:10)
  (anonymous function) (https://assets.genius.com/javascripts/compiled/ads-bb09eae9efb37da0579e.js:10)

  phantomjs://platform/console++.js:263 in error
[INFO  - 2018-01-26T05:56:57.130Z] SessionManagerReqHand - _cleanupWindowlessSessions - Asynchronous Sessions clean-up phase starting NOW
[ERROR - 2018-01-26T05:57:06.948Z] Session [0353b2a0-0256-11e8-baee-4decca5469bf] - page.onError - msg: VIDEOJS: ERROR: (CODE:4 MEDIA_ERR_SRC_NOT_SUPPORTED) No compatible source was found for this video. [object Object]

  phantomjs://platform/console++.js:263 in error
[ERROR - 2018-01-26T05:57:06.948Z] Session [0353b2a0-0256-11e8-baee-4decca5469bf] - page.onError - stack:
  e (https://cdn.embedly.com/widgets/media.html?src=http%3A%2F%2Fscontent-iad3-1.cdninstagram.com%2Ft50.2886-16%2F16785880_128969637622388_4147161485476364288_n.mp4&src_secure=1&url=https%3A%2F%2Fwww.instagram.com%2Fp%2FBQmfyE8DphE%2F&image=https%3A%2F%2Fscontent-iad3-1.cdninstagram.com%2Ft51.2885-15%2Fs640x640%2Fe15%2F16585096_767936710020295_5333377980288729088_n.jpg&key=e898f7f22a3443a6893439149a6fb36f&type=video%2Fmp4&schema=instagram:17)

  phantomjs://platform/console++.js:263 in error
[ERROR - 2018-01-26T05:57:18.154Z] Session [0353b2a0-0256-11e8-baee-4decca5469bf] - page.onError - msg: VIDEOJS: ERROR: (CODE:4 MEDIA_ERR_SRC_NOT_SUPPORTED) No compatible source was found for this video. [object Object]

  phantomjs://platform/console++.js:263 in error
[ERROR - 2018-01-26T05:57:18.159Z] Session [0353b2a0-0256-11e8-baee-4decca5469bf] - page.onError - stack:
  e (https://cdn.embedly.com/widgets/media.html?src=http%3A%2F%2Fscontent-iad3-1.cdninstagram.com%2Ft50.2886-16%2F16785880_128969637622388_4147161485476364288_n.mp4&src_secure=1&url=https%3A%2F%2Fwww.instagram.com%2Fp%2FBQmfyE8DphE%2F&image=https%3A%2F%2Fscontent-iad3-1.cdninstagram.com%2Ft51.2885-15%2Fs640x640%2Fe15%2F16585096_767936710020295_5333377980288729088_n.jpg&key=e898f7f22a3443a6893439149a6fb36f&type=video%2Fmp4&schema=instagram:17)

  phantomjs://platform/console++.js:263 in error
[ERROR - 2018-01-26T05:57:18.420Z] Session [0353b2a0-0256-11e8-baee-4decca5469bf] - page.onError - msg: VIDEOJS: ERROR: (CODE:4 MEDIA_ERR_SRC_NOT_SUPPORTED) No compatible source was found for this video. [object Object]

  phantomjs://platform/console++.js:263 in error
[ERROR - 2018-01-26T05:57:18.420Z] Session [0353b2a0-0256-11e8-baee-4decca5469bf] - page.onError - stack:
  e (https://cdn.embedly.com/widgets/media.html?src=http%3A%2F%2Fscontent-iad3-1.cdninstagram.com%2Ft50.2886-16%2F16785880_128969637622388_4147161485476364288_n.mp4&src_secure=1&url=https%3A%2F%2Fwww.instagram.com%2Fp%2FBQmfyE8DphE%2F&image=https%3A%2F%2Fscontent-iad3-1.cdninstagram.com%2Ft51.2885-15%2Fs640x640%2Fe15%2F16585096_767936710020295_5333377980288729088_n.jpg&key=e898f7f22a3443a6893439149a6fb36f&type=video%2Fmp4&schema=instagram:17)

  phantomjs://platform/console++.js:263 in error
[ERROR - 2018-01-26T05:58:59.996Z] Session [0353b2a0-0256-11e8-baee-4decca5469bf] - page.onError - msg: TypeError: undefined is not a constructor (evaluating 'Error.captureStackTrace(this,this.constructor)')

  phantomjs://platform/console++.js:263 in error
[ERROR - 2018-01-26T05:58:59.997Z] Session [0353b2a0-0256-11e8-baee-4decca5469bf] - page.onError - stack:
  TimeoutError (https://assets.genius.com/javascripts/compiled/ads-bb09eae9efb37da0579e.js:10)
  (anonymous function) (https://assets.genius.com/javascripts/compiled/ads-bb09eae9efb37da0579e.js:10)

  phantomjs://platform/console++.js:263 in error
[INFO  - 2018-01-26T06:01:57.139Z] SessionManagerReqHand - _cleanupWindowlessSessions - Asynchronous Sessions clean-up phase starting NOW
[ERROR - 2018-01-26T06:02:55.876Z] Session [0353b2a0-0256-11e8-baee-4decca5469bf] - page.onError - msg: ReferenceError: Can't find variable: Promise

  phantomjs://platform/console++.js:263 in error
[ERROR - 2018-01-26T06:02:55.878Z] Session [0353b2a0-0256-11e8-baee-4decca5469bf] - page.onError - stack:
  (anonymous function) (https://players.brightcove.net/4863540648001/BJfoOE1ol_default/index.html?referrer=https%3A%2F%2Fgenius.com%2FEminem-walk-on-water-lyrics&videoId=5642171591001:1338)
  forEach (:0)
  (anonymous function) (https://players.brightcove.net/4863540648001/BJfoOE1ol_default/index.html?referrer=https%3A%2F%2Fgenius.com%2FEminem-walk-on-water-lyrics&videoId=5642171591001:1338)
  (anonymous function) (https://players.brightcove.net/4863540648001/BJfoOE1ol_default/index.html?referrer=https%3A%2F%2Fgenius.com%2FEminem-walk-on-water-lyrics&videoId=5642171591001:1340)
  x (https://players.brightcove.net/4863540648001/BJfoOE1ol_default/index.html?referrer=https%3A%2F%2Fgenius.com%2FEminem-walk-on-water-lyrics&videoId=5642171591001:1340)
  (anonymous function) (https://players.brightcove.net/4863540648001/BJfoOE1ol_default/index.html?referrer=https%3A%2F%2Fgenius.com%2FEminem-walk-on-water-lyrics&videoId=5642171591001:1329)
  forEach (:0)
  ba (https://players.brightcove.net/4863540648001/BJfoOE1ol_default/index.html?referrer=https%3A%2F%2Fgenius.com%2FEminem-walk-on-water-lyrics&videoId=5642171591001:1329)
  p (https://players.brightcove.net/4863540648001/BJfoOE1ol_default/index.html?referrer=https%3A%2F%2Fgenius.com%2FEminem-walk-on-water-lyrics&videoId=5642171591001:1340)

  phantomjs://platform/console++.js:263 in error
[ERROR - 2018-01-26T06:02:58.761Z] Session [0353b2a0-0256-11e8-baee-4decca5469bf] - page.onError - msg: ReferenceError: Can't find variable: Promise

  phantomjs://platform/console++.js:263 in error
[ERROR - 2018-01-26T06:02:58.761Z] Session [0353b2a0-0256-11e8-baee-4decca5469bf] - page.onError - stack:
  (anonymous function) (https://players.brightcove.net/4863540648001/BJfoOE1ol_default/index.html?referrer=https%3A%2F%2Fgenius.com%2FEminem-walk-on-water-lyrics&videoId=5642171591001:1338)
  forEach (:0)
  (anonymous function) (https://players.brightcove.net/4863540648001/BJfoOE1ol_default/index.html?referrer=https%3A%2F%2Fgenius.com%2FEminem-walk-on-water-lyrics&videoId=5642171591001:1338)
  (anonymous function) (https://players.brightcove.net/4863540648001/BJfoOE1ol_default/index.html?referrer=https%3A%2F%2Fgenius.com%2FEminem-walk-on-water-lyrics&videoId=5642171591001:1340)
  x (https://players.brightcove.net/4863540648001/BJfoOE1ol_default/index.html?referrer=https%3A%2F%2Fgenius.com%2FEminem-walk-on-water-lyrics&videoId=5642171591001:1340)
  (anonymous function) (https://players.brightcove.net/4863540648001/BJfoOE1ol_default/index.html?referrer=https%3A%2F%2Fgenius.com%2FEminem-walk-on-water-lyrics&videoId=5642171591001:1329)
  forEach (:0)
  ba (https://players.brightcove.net/4863540648001/BJfoOE1ol_default/index.html?referrer=https%3A%2F%2Fgenius.com%2FEminem-walk-on-water-lyrics&videoId=5642171591001:1329)
  p (https://players.brightcove.net/4863540648001/BJfoOE1ol_default/index.html?referrer=https%3A%2F%2Fgenius.com%2FEminem-walk-on-water-lyrics&videoId=5642171591001:1340)

  phantomjs://platform/console++.js:263 in error
[ERROR - 2018-01-26T06:02:58.879Z] Session [0353b2a0-0256-11e8-baee-4decca5469bf] - page.onError - msg: ReferenceError: Can't find variable: Promise

  phantomjs://platform/console++.js:263 in error
[ERROR - 2018-01-26T06:02:58.879Z] Session [0353b2a0-0256-11e8-baee-4decca5469bf] - page.onError - stack:
  (anonymous function) (https://players.brightcove.net/4863540648001/BJfoOE1ol_default/index.html?referrer=https%3A%2F%2Fgenius.com%2FEminem-walk-on-water-lyrics&videoId=5642171591001:1338)
  forEach (:0)
  (anonymous function) (https://players.brightcove.net/4863540648001/BJfoOE1ol_default/index.html?referrer=https%3A%2F%2Fgenius.com%2FEminem-walk-on-water-lyrics&videoId=5642171591001:1338)
  (anonymous function) (https://players.brightcove.net/4863540648001/BJfoOE1ol_default/index.html?referrer=https%3A%2F%2Fgenius.com%2FEminem-walk-on-water-lyrics&videoId=5642171591001:1340)
  x (https://players.brightcove.net/4863540648001/BJfoOE1ol_default/index.html?referrer=https%3A%2F%2Fgenius.com%2FEminem-walk-on-water-lyrics&videoId=5642171591001:1340)
  (anonymous function) (https://players.brightcove.net/4863540648001/BJfoOE1ol_default/index.html?referrer=https%3A%2F%2Fgenius.com%2FEminem-walk-on-water-lyrics&videoId=5642171591001:1329)
  forEach (:0)
  ba (https://players.brightcove.net/4863540648001/BJfoOE1ol_default/index.html?referrer=https%3A%2F%2Fgenius.com%2FEminem-walk-on-water-lyrics&videoId=5642171591001:1329)
  p (https://players.brightcove.net/4863540648001/BJfoOE1ol_default/index.html?referrer=https%3A%2F%2Fgenius.com%2FEminem-walk-on-water-lyrics&videoId=5642171591001:1340)

  phantomjs://platform/console++.js:263 in error
[ERROR - 2018-01-26T06:03:44.680Z] Session [0353b2a0-0256-11e8-baee-4decca5469bf] - page.onError - msg: VIDEOJS: ERROR: (CODE:4 MEDIA_ERR_SRC_NOT_SUPPORTED) No compatible source was found for this video. [object Object]

  phantomjs://platform/console++.js:263 in error
[ERROR - 2018-01-26T06:03:44.681Z] Session [0353b2a0-0256-11e8-baee-4decca5469bf] - page.onError - stack:
  e (https://cdn.embedly.com/widgets/media.html?src=https%3A%2F%2Fscontent-iad3-1.cdninstagram.com%2Fvp%2F9bf7a4622ff97061b7f496f1313f2467%2F5A2DD245%2Ft50.2886-16%2F24841707_411110605973311_390126708451833272_n.mp4&src_secure=1&url=https%3A%2F%2Fwww.instagram.com%2Fp%2FBcdGXA8n8Aq%2F&image=https%3A%2F%2Fscontent-iad3-1.cdninstagram.com%2Ft51.2885-15%2Fs640x640%2Fsh0.08%2Fe35%2F25014653_1491288147634240_7455064577240203264_n.jpg&key=fc778e44915911e088ae4040f9f86dcd&type=video%2Fmp4&schema=instagram:17)

  phantomjs://platform/console++.js:263 in error
[ERROR - 2018-01-26T06:03:46.765Z] Session [0353b2a0-0256-11e8-baee-4decca5469bf] - page.onError - msg: VIDEOJS: ERROR: (CODE:4 MEDIA_ERR_SRC_NOT_SUPPORTED) No compatible source was found for this video. [object Object]

  phantomjs://platform/console++.js:263 in error
[ERROR - 2018-01-26T06:03:46.765Z] Session [0353b2a0-0256-11e8-baee-4decca5469bf] - page.onError - stack:
  e (https://cdn.embedly.com/widgets/media.html?src=https%3A%2F%2Fscontent-iad3-1.cdninstagram.com%2Fvp%2F9bf7a4622ff97061b7f496f1313f2467%2F5A2DD245%2Ft50.2886-16%2F24841707_411110605973311_390126708451833272_n.mp4&src_secure=1&url=https%3A%2F%2Fwww.instagram.com%2Fp%2FBcdGXA8n8Aq%2F&image=https%3A%2F%2Fscontent-iad3-1.cdninstagram.com%2Ft51.2885-15%2Fs640x640%2Fsh0.08%2Fe35%2F25014653_1491288147634240_7455064577240203264_n.jpg&key=fc778e44915911e088ae4040f9f86dcd&type=video%2Fmp4&schema=instagram:17)

  phantomjs://platform/console++.js:263 in error
[ERROR - 2018-01-26T06:03:48.226Z] Session [0353b2a0-0256-11e8-baee-4decca5469bf] - page.onError - msg: VIDEOJS: ERROR: (CODE:4 MEDIA_ERR_SRC_NOT_SUPPORTED) No compatible source was found for this video. [object Object]

  phantomjs://platform/console++.js:263 in error
[ERROR - 2018-01-26T06:03:48.226Z] Session [0353b2a0-0256-11e8-baee-4decca5469bf] - page.onError - stack:
  e (https://cdn.embedly.com/widgets/media.html?src=https%3A%2F%2Fscontent-iad3-1.cdninstagram.com%2Fvp%2F9bf7a4622ff97061b7f496f1313f2467%2F5A2DD245%2Ft50.2886-16%2F24841707_411110605973311_390126708451833272_n.mp4&src_secure=1&url=https%3A%2F%2Fwww.instagram.com%2Fp%2FBcdGXA8n8Aq%2F&image=https%3A%2F%2Fscontent-iad3-1.cdninstagram.com%2Ft51.2885-15%2Fs640x640%2Fsh0.08%2Fe35%2F25014653_1491288147634240_7455064577240203264_n.jpg&key=fc778e44915911e088ae4040f9f86dcd&type=video%2Fmp4&schema=instagram:17)

  phantomjs://platform/console++.js:263 in error
[ERROR - 2018-01-26T06:03:48.233Z] Session [0353b2a0-0256-11e8-baee-4decca5469bf] - page.onError - msg: VIDEOJS: ERROR: (CODE:4 MEDIA_ERR_SRC_NOT_SUPPORTED) No compatible source was found for this video. [object Object]

  phantomjs://platform/console++.js:263 in error
[ERROR - 2018-01-26T06:03:48.233Z] Session [0353b2a0-0256-11e8-baee-4decca5469bf] - page.onError - stack:
  e (https://cdn.embedly.com/widgets/media.html?src=https%3A%2F%2Fscontent-iad3-1.cdninstagram.com%2Fvp%2F9bf7a4622ff97061b7f496f1313f2467%2F5A2DD245%2Ft50.2886-16%2F24841707_411110605973311_390126708451833272_n.mp4&src_secure=1&url=https%3A%2F%2Fwww.instagram.com%2Fp%2FBcdGXA8n8Aq%2F&image=https%3A%2F%2Fscontent-iad3-1.cdninstagram.com%2Ft51.2885-15%2Fs640x640%2Fsh0.08%2Fe35%2F25014653_1491288147634240_7455064577240203264_n.jpg&key=fc778e44915911e088ae4040f9f86dcd&type=video%2Fmp4&schema=instagram:17)

  phantomjs://platform/console++.js:263 in error
[ERROR - 2018-01-26T06:05:16.759Z] Session [0353b2a0-0256-11e8-baee-4decca5469bf] - page.onError - msg: TypeError: null is not an object (evaluating 'r.body.appendChild')

  phantomjs://platform/console++.js:263 in error
[ERROR - 2018-01-26T06:05:16.760Z] Session [0353b2a0-0256-11e8-baee-4decca5469bf] - page.onError - stack:
  t (https://assets.genius.com/javascripts/compiled/ads-bb09eae9efb37da0579e.js:10)
  e (https://assets.genius.com/javascripts/compiled/ads-bb09eae9efb37da0579e.js:10)
  (anonymous function) (https://assets.genius.com/javascripts/compiled/ads-bb09eae9efb37da0579e.js:10)

  phantomjs://platform/console++.js:263 in error
[ERROR - 2018-01-26T06:05:18.510Z] Session [0353b2a0-0256-11e8-baee-4decca5469bf] - page.onError - msg: VIDEOJS: ERROR: (CODE:4 MEDIA_ERR_SRC_NOT_SUPPORTED) No compatible source was found for this video. [object Object]

  phantomjs://platform/console++.js:263 in error
[ERROR - 2018-01-26T06:05:18.510Z] Session [0353b2a0-0256-11e8-baee-4decca5469bf] - page.onError - stack:
  e (https://cdn.embedly.com/widgets/media.html?src=http%3A%2F%2Fscontent.cdninstagram.com%2Ft50.2886-16%2F18111977_709094465928880_6534601103718219776_n.mp4&src_secure=1&url=https%3A%2F%2Fwww.instagram.com%2Fp%2FBTMnOpJBqc1%2F&image=https%3A%2F%2Fscontent.cdninstagram.com%2Ft51.2885-15%2Fs640x640%2Fsh0.08%2Fe35%2F18094504_507995802657629_8419785717357477888_n.jpg&key=e898f7f22a3443a6893439149a6fb36f&type=video%2Fmp4&schema=instagram:17)

  phantomjs://platform/console++.js:263 in error
[ERROR - 2018-01-26T06:05:26.461Z] Session [0353b2a0-0256-11e8-baee-4decca5469bf] - page.onError - msg: TypeError: null is not an object (evaluating 'r.body.appendChild')

  phantomjs://platform/console++.js:263 in error
[ERROR - 2018-01-26T06:05:26.464Z] Session [0353b2a0-0256-11e8-baee-4decca5469bf] - page.onError - stack:
  t (https://assets.genius.com/javascripts/compiled/ads-bb09eae9efb37da0579e.js:10)
  e (https://assets.genius.com/javascripts/compiled/ads-bb09eae9efb37da0579e.js:10)
  (anonymous function) (https://assets.genius.com/javascripts/compiled/ads-bb09eae9efb37da0579e.js:10)

  phantomjs://platform/console++.js:263 in error
[ERROR - 2018-01-26T06:05:45.207Z] Session [0353b2a0-0256-11e8-baee-4decca5469bf] - page.onError - msg: TypeError: undefined is not a constructor (evaluating 'Error.captureStackTrace(this,this.constructor)')

  phantomjs://platform/console++.js:263 in error
[ERROR - 2018-01-26T06:05:45.209Z] Session [0353b2a0-0256-11e8-baee-4decca5469bf] - page.onError - stack:
  TimeoutError (https://assets.genius.com/javascripts/compiled/ads-bb09eae9efb37da0579e.js:10)
  (anonymous function) (https://assets.genius.com/javascripts/compiled/ads-bb09eae9efb37da0579e.js:10)

  phantomjs://platform/console++.js:263 in error
[ERROR - 2018-01-26T06:05:46.058Z] Session [0353b2a0-0256-11e8-baee-4decca5469bf] - page.onError - msg: TypeError: undefined is not a constructor (evaluating 'Error.captureStackTrace(this,this.constructor)')

  phantomjs://platform/console++.js:263 in error
[ERROR - 2018-01-26T06:05:46.058Z] Session [0353b2a0-0256-11e8-baee-4decca5469bf] - page.onError - stack:
  TimeoutError (https://assets.genius.com/javascripts/compiled/ads-bb09eae9efb37da0579e.js:10)
  (anonymous function) (https://assets.genius.com/javascripts/compiled/ads-bb09eae9efb37da0579e.js:10)

  phantomjs://platform/console++.js:263 in error
[ERROR - 2018-01-26T06:05:46.058Z] Session [0353b2a0-0256-11e8-baee-4decca5469bf] - page.onError - msg: TypeError: undefined is not a constructor (evaluating 'Error.captureStackTrace(this,this.constructor)')

  phantomjs://platform/console++.js:263 in error
[ERROR - 2018-01-26T06:05:46.058Z] Session [0353b2a0-0256-11e8-baee-4decca5469bf] - page.onError - stack:
  TimeoutError (https://assets.genius.com/javascripts/compiled/ads-bb09eae9efb37da0579e.js:10)
  (anonymous function) (https://assets.genius.com/javascripts/compiled/ads-bb09eae9efb37da0579e.js:10)

  phantomjs://platform/console++.js:263 in error
[ERROR - 2018-01-26T06:05:46.059Z] Session [0353b2a0-0256-11e8-baee-4decca5469bf] - page.onError - msg: TypeError: undefined is not a constructor (evaluating 'Error.captureStackTrace(this,this.constructor)')

  phantomjs://platform/console++.js:263 in error
[ERROR - 2018-01-26T06:05:46.059Z] Session [0353b2a0-0256-11e8-baee-4decca5469bf] - page.onError - stack:
  TimeoutError (https://assets.genius.com/javascripts/compiled/ads-bb09eae9efb37da0579e.js:10)
  (anonymous function) (https://assets.genius.com/javascripts/compiled/ads-bb09eae9efb37da0579e.js:10)

  phantomjs://platform/console++.js:263 in error
[ERROR - 2018-01-26T06:06:08.591Z] Session [0353b2a0-0256-11e8-baee-4decca5469bf] - page.onError - msg: TypeError: null is not an object (evaluating 'r.body.appendChild')

  phantomjs://platform/console++.js:263 in error
[ERROR - 2018-01-26T06:06:08.592Z] Session [0353b2a0-0256-11e8-baee-4decca5469bf] - page.onError - stack:
  t (https://assets.genius.com/javascripts/compiled/ads-bb09eae9efb37da0579e.js:10)
  e (https://assets.genius.com/javascripts/compiled/ads-bb09eae9efb37da0579e.js:10)
  (anonymous function) (https://assets.genius.com/javascripts/compiled/ads-bb09eae9efb37da0579e.js:10)

  phantomjs://platform/console++.js:263 in error
[INFO  - 2018-01-26T06:06:57.379Z] SessionManagerReqHand - _cleanupWindowlessSessions - Asynchronous Sessions clean-up phase starting NOW
[INFO  - 2018-01-26T06:11:58.359Z] SessionManagerReqHand - _cleanupWindowlessSessions - Asynchronous Sessions clean-up phase starting NOW
[ERROR - 2018-01-26T06:12:31.442Z] Session [0353b2a0-0256-11e8-baee-4decca5469bf] - page.onError - msg: TypeError: undefined is not a constructor (evaluating 'Error.captureStackTrace(this,this.constructor)')

  phantomjs://platform/console++.js:263 in error
[ERROR - 2018-01-26T06:12:31.443Z] Session [0353b2a0-0256-11e8-baee-4decca5469bf] - page.onError - stack:
  TimeoutError (https://assets.genius.com/javascripts/compiled/ads-bb09eae9efb37da0579e.js:10)
  (anonymous function) (https://assets.genius.com/javascripts/compiled/ads-bb09eae9efb37da0579e.js:10)

  phantomjs://platform/console++.js:263 in error
[ERROR - 2018-01-26T06:12:32.259Z] Session [0353b2a0-0256-11e8-baee-4decca5469bf] - page.onError - msg: TypeError: undefined is not a constructor (evaluating 'Error.captureStackTrace(this,this.constructor)')

  phantomjs://platform/console++.js:263 in error
[ERROR - 2018-01-26T06:12:32.259Z] Session [0353b2a0-0256-11e8-baee-4decca5469bf] - page.onError - stack:
  TimeoutError (https://assets.genius.com/javascripts/compiled/ads-bb09eae9efb37da0579e.js:10)
  (anonymous function) (https://assets.genius.com/javascripts/compiled/ads-bb09eae9efb37da0579e.js:10)

  phantomjs://platform/console++.js:263 in error
[ERROR - 2018-01-26T06:13:52.855Z] Session [0353b2a0-0256-11e8-baee-4decca5469bf] - page.onError - msg: VIDEOJS: ERROR: (CODE:4 MEDIA_ERR_SRC_NOT_SUPPORTED) No compatible source was found for this video. [object Object]

  phantomjs://platform/console++.js:263 in error
[ERROR - 2018-01-26T06:13:52.855Z] Session [0353b2a0-0256-11e8-baee-4decca5469bf] - page.onError - stack:
  e (https://cdn.embedly.com/widgets/media.html?src=https%3A%2F%2Fscontent.cdninstagram.com%2Ft50.2886-16%2F19947928_1806407513005118_3223630430347460608_n.mp4&src_secure=1&url=https%3A%2F%2Fwww.instagram.com%2Fp%2FBWN0kSOFnyP%2F&image=https%3A%2F%2Fscontent.cdninstagram.com%2Ft51.2885-15%2Fs640x640%2Fe15%2F19933061_1638909042787097_4931298711293657088_n.jpg&key=e898f7f22a3443a6893439149a6fb36f&type=video%2Fmp4&schema=instagram:17)

  phantomjs://platform/console++.js:263 in error
[ERROR - 2018-01-26T06:13:55.320Z] Session [0353b2a0-0256-11e8-baee-4decca5469bf] - page.onError - msg: VIDEOJS: ERROR: (CODE:4 MEDIA_ERR_SRC_NOT_SUPPORTED) No compatible source was found for this video. [object Object]

  phantomjs://platform/console++.js:263 in error
[ERROR - 2018-01-26T06:13:55.320Z] Session [0353b2a0-0256-11e8-baee-4decca5469bf] - page.onError - stack:
  e (https://cdn.embedly.com/widgets/media.html?src=https%3A%2F%2Fscontent.cdninstagram.com%2Ft50.2886-16%2F19947928_1806407513005118_3223630430347460608_n.mp4&src_secure=1&url=https%3A%2F%2Fwww.instagram.com%2Fp%2FBWN0kSOFnyP%2F&image=https%3A%2F%2Fscontent.cdninstagram.com%2Ft51.2885-15%2Fs640x640%2Fe15%2F19933061_1638909042787097_4931298711293657088_n.jpg&key=e898f7f22a3443a6893439149a6fb36f&type=video%2Fmp4&schema=instagram:17)

  phantomjs://platform/console++.js:263 in error
[ERROR - 2018-01-26T06:13:55.336Z] Session [0353b2a0-0256-11e8-baee-4decca5469bf] - page.onError - msg: VIDEOJS: ERROR: (CODE:4 MEDIA_ERR_SRC_NOT_SUPPORTED) No compatible source was found for this video. [object Object]

  phantomjs://platform/console++.js:263 in error
[ERROR - 2018-01-26T06:13:55.337Z] Session [0353b2a0-0256-11e8-baee-4decca5469bf] - page.onError - stack:
  e (https://cdn.embedly.com/widgets/media.html?src=https%3A%2F%2Fscontent.cdninstagram.com%2Ft50.2886-16%2F19947928_1806407513005118_3223630430347460608_n.mp4&src_secure=1&url=https%3A%2F%2Fwww.instagram.com%2Fp%2FBWN0kSOFnyP%2F&image=https%3A%2F%2Fscontent.cdninstagram.com%2Ft51.2885-15%2Fs640x640%2Fe15%2F19933061_1638909042787097_4931298711293657088_n.jpg&key=e898f7f22a3443a6893439149a6fb36f&type=video%2Fmp4&schema=instagram:17)

  phantomjs://platform/console++.js:263 in error
[ERROR - 2018-01-26T06:16:17.149Z] Session [0353b2a0-0256-11e8-baee-4decca5469bf] - page.onError - msg: TypeError: null is not an object (evaluating 'r.body.appendChild')

  phantomjs://platform/console++.js:263 in error
[ERROR - 2018-01-26T06:16:17.151Z] Session [0353b2a0-0256-11e8-baee-4decca5469bf] - page.onError - stack:
  t (https://assets.genius.com/javascripts/compiled/ads-bb09eae9efb37da0579e.js:10)
  e (https://assets.genius.com/javascripts/compiled/ads-bb09eae9efb37da0579e.js:10)
  (anonymous function) (https://assets.genius.com/javascripts/compiled/ads-bb09eae9efb37da0579e.js:10)

  phantomjs://platform/console++.js:263 in error
[INFO  - 2018-01-26T06:16:58.457Z] SessionManagerReqHand - _cleanupWindowlessSessions - Asynchronous Sessions clean-up phase starting NOW
[ERROR - 2018-01-26T06:19:04.561Z] Session [0353b2a0-0256-11e8-baee-4decca5469bf] - page.onError - msg: TypeError: JSON.stringify cannot serialize cyclic structures.

  phantomjs://platform/console++.js:263 in error
[ERROR - 2018-01-26T06:19:04.562Z] Session [0353b2a0-0256-11e8-baee-4decca5469bf] - page.onError - stack:
  stringify (undefined:7)
  (anonymous function) (:7)
  display (https://assets.genius.com/javascripts/compiled/bagon_desktop-bb09eae9efb37da0579e.js:49)
  progress (https://assets.genius.com/javascripts/compiled/bagon_desktop-bb09eae9efb37da0579e.js:148)
  (anonymous function) (https://assets.genius.com/javascripts/compiled/bagon_desktop-bb09eae9efb37da0579e.js:148)
  each (https://assets.genius.com/javascripts/compiled/bagon_desktop-bb09eae9efb37da0579e.js:85)
  (anonymous function) (https://assets.genius.com/javascripts/compiled/bagon_desktop-bb09eae9efb37da0579e.js:148)
  u (https://assets.genius.com/javascripts/compiled/bagon_desktop-bb09eae9efb37da0579e.js:95)
  fireWith (https://assets.genius.com/javascripts/compiled/bagon_desktop-bb09eae9efb37da0579e.js:95)
  (anonymous function) (https://assets.genius.com/javascripts/compiled/bagon_desktop-bb09eae9efb37da0579e.js:95)
  notify (https://assets.genius.com/javascripts/compiled/bagon_desktop-bb09eae9efb37da0579e.js:148)
  (anonymous function) (https://assets.genius.com/javascripts/compiled/bagon_desktop-bb09eae9efb37da0579e.js:148)
  each (https://assets.genius.com/javascripts/compiled/bagon_desktop-bb09eae9efb37da0579e.js:85)
  success (https://assets.genius.com/javascripts/compiled/bagon_desktop-bb09eae9efb37da0579e.js:148)
  u (https://assets.genius.com/javascripts/compiled/bagon_desktop-bb09eae9efb37da0579e.js:95)
  fireWith (https://assets.genius.com/javascripts/compiled/bagon_desktop-bb09eae9efb37da0579e.js:95)
  n (https://assets.genius.com/javascripts/compiled/bagon_desktop-bb09eae9efb37da0579e.js:95)
  n (https://assets.genius.com/javascripts/compiled/bagon_desktop-bb09eae9efb37da0579e.js:95)
  dispatch (https://assets.genius.com/javascripts/compiled/bagon_desktop-bb09eae9efb37da0579e.js:95)
  handle (https://assets.genius.com/javascripts/compiled/bagon_desktop-bb09eae9efb37da0579e.js:95)

  phantomjs://platform/console++.js:263 in error
[ERROR - 2018-01-26T06:19:05.978Z] Session [0353b2a0-0256-11e8-baee-4decca5469bf] - page.onError - msg: TypeError: null is not an object (evaluating 'r.body.appendChild')

  phantomjs://platform/console++.js:263 in error
[ERROR - 2018-01-26T06:19:05.978Z] Session [0353b2a0-0256-11e8-baee-4decca5469bf] - page.onError - stack:
  t (https://assets.genius.com/javascripts/compiled/ads-bb09eae9efb37da0579e.js:10)
  e (https://assets.genius.com/javascripts/compiled/ads-bb09eae9efb37da0579e.js:10)
  (anonymous function) (https://assets.genius.com/javascripts/compiled/ads-bb09eae9efb37da0579e.js:10)

  phantomjs://platform/console++.js:263 in error
[ERROR - 2018-01-26T06:19:12.129Z] Session [0353b2a0-0256-11e8-baee-4decca5469bf] - page.onError - msg: TypeError: undefined is not a constructor (evaluating 'Error.captureStackTrace(this,this.constructor)')

  phantomjs://platform/console++.js:263 in error
[ERROR - 2018-01-26T06:19:12.131Z] Session [0353b2a0-0256-11e8-baee-4decca5469bf] - page.onError - stack:
  TimeoutError (https://assets.genius.com/javascripts/compiled/ads-bb09eae9efb37da0579e.js:10)
  (anonymous function) (https://assets.genius.com/javascripts/compiled/ads-bb09eae9efb37da0579e.js:10)

  phantomjs://platform/console++.js:263 in error
[INFO  - 2018-01-26T06:21:58.457Z] SessionManagerReqHand - _cleanupWindowlessSessions - Asynchronous Sessions clean-up phase starting NOW
[ERROR - 2018-01-26T06:26:01.346Z] Session [0353b2a0-0256-11e8-baee-4decca5469bf] - page.onError - msg: TypeError: JSON.stringify cannot serialize cyclic structures.

  phantomjs://platform/console++.js:263 in error
[ERROR - 2018-01-26T06:26:01.348Z] Session [0353b2a0-0256-11e8-baee-4decca5469bf] - page.onError - stack:
  stringify (undefined:7)
  (anonymous function) (:7)
  display (https://assets.genius.com/javascripts/compiled/bagon_desktop-bb09eae9efb37da0579e.js:49)
  progress (https://assets.genius.com/javascripts/compiled/bagon_desktop-bb09eae9efb37da0579e.js:148)
  (anonymous function) (https://assets.genius.com/javascripts/compiled/bagon_desktop-bb09eae9efb37da0579e.js:148)
  each (https://assets.genius.com/javascripts/compiled/bagon_desktop-bb09eae9efb37da0579e.js:85)
  (anonymous function) (https://assets.genius.com/javascripts/compiled/bagon_desktop-bb09eae9efb37da0579e.js:148)
  u (https://assets.genius.com/javascripts/compiled/bagon_desktop-bb09eae9efb37da0579e.js:95)
  fireWith (https://assets.genius.com/javascripts/compiled/bagon_desktop-bb09eae9efb37da0579e.js:95)
  (anonymous function) (https://assets.genius.com/javascripts/compiled/bagon_desktop-bb09eae9efb37da0579e.js:95)
  notify (https://assets.genius.com/javascripts/compiled/bagon_desktop-bb09eae9efb37da0579e.js:148)
  (anonymous function) (https://assets.genius.com/javascripts/compiled/bagon_desktop-bb09eae9efb37da0579e.js:148)
  each (https://assets.genius.com/javascripts/compiled/bagon_desktop-bb09eae9efb37da0579e.js:85)
  success (https://assets.genius.com/javascripts/compiled/bagon_desktop-bb09eae9efb37da0579e.js:148)
  u (https://assets.genius.com/javascripts/compiled/bagon_desktop-bb09eae9efb37da0579e.js:95)
  fireWith (https://assets.genius.com/javascripts/compiled/bagon_desktop-bb09eae9efb37da0579e.js:95)
  n (https://assets.genius.com/javascripts/compiled/bagon_desktop-bb09eae9efb37da0579e.js:95)
  n (https://assets.genius.com/javascripts/compiled/bagon_desktop-bb09eae9efb37da0579e.js:95)
  dispatch (https://assets.genius.com/javascripts/compiled/bagon_desktop-bb09eae9efb37da0579e.js:95)
  handle (https://assets.genius.com/javascripts/compiled/bagon_desktop-bb09eae9efb37da0579e.js:95)

  phantomjs://platform/console++.js:263 in error
[INFO  - 2018-01-26T06:26:58.497Z] SessionManagerReqHand - _cleanupWindowlessSessions - Asynchronous Sessions clean-up phase starting NOW
[INFO  - 2018-01-26T06:31:58.492Z] SessionManagerReqHand - _cleanupWindowlessSessions - Asynchronous Sessions clean-up phase starting NOW
[ERROR - 2018-01-26T06:32:37.707Z] Session [0353b2a0-0256-11e8-baee-4decca5469bf] - page.onError - msg: TypeError: null is not an object (evaluating 'r.body.appendChild')

  phantomjs://platform/console++.js:263 in error
[ERROR - 2018-01-26T06:32:37.708Z] Session [0353b2a0-0256-11e8-baee-4decca5469bf] - page.onError - stack:
  t (https://assets.genius.com/javascripts/compiled/ads-bb09eae9efb37da0579e.js:10)
  e (https://assets.genius.com/javascripts/compiled/ads-bb09eae9efb37da0579e.js:10)
  (anonymous function) (https://assets.genius.com/javascripts/compiled/ads-bb09eae9efb37da0579e.js:10)

  phantomjs://platform/console++.js:263 in error
PhantomJS has crashed. Please read the bug reporting guide at
<http://phantomjs.org/bug-reporting.html> and file a bug report.
